<?xml version="1.0" encoding="UTF-8"?>
<!-- Generated by org.testng.reporters.JUnitXMLReporter -->
<testsuite ignored="0" hostname="LAPTOP-0PM6QV8U" failures="0" tests="6" name="AutomationExerciseTests" time="46.967" errors="0" timestamp="2026-06-06T10:37:48 IST">
  <testcase classname="testcases.LoginTest" name="validLoginTest" time="1.76"/>
  <testcase classname="testcases.SignupTest" name="registerUserTest" time="5.677"/>
  <testcase classname="testcases.ProductsTest" name="searchProductTest" time="4.369"/>
  <testcase classname="testcases.CartTest" name="addProductToCartTest" time="1.365"/>
  <testcase classname="testcases.CheckoutTest" name="checkoutTest" time="3.259"/>
  <testcase classname="testcases.ContactUsTest" name="contactUsTest" time="2.799"/>
</testsuite> <!-- AutomationExerciseTests -->
