<?xml version="1.0" encoding="UTF-8"?>
<!-- Generated by org.testng.reporters.JUnitXMLReporter -->
<testsuite ignored="0" hostname="NEHA" failures="0" tests="6" name="AutomationExerciseTests" time="86.728" errors="0" timestamp="2026-06-06T12:46:33 IST">
  <testcase classname="testcases.LoginTest" name="validLoginTest" time="8.773"/>
  <testcase classname="testcases.SignupTest" name="registerUserTest" time="6.221"/>
  <testcase classname="testcases.ProductsTest" name="searchProductTest" time="5.436"/>
  <testcase classname="testcases.CartTest" name="addProductToCartTest" time="4.469"/>
  <testcase classname="testcases.CheckoutTest" name="checkoutTest" time="5.975"/>
  <testcase classname="testcases.ContactUsTest" name="contactUsTest" time="4.019"/>
</testsuite> <!-- AutomationExerciseTests -->
