<?xml version="1.0" encoding="UTF-8"?>
<testng-results ignored="0" total="6" passed="6" failed="0" skipped="0">
  <reporter-output>
  </reporter-output>
  <suite started-at="2026-06-06T10:37:01 IST" name="AutomationExerciseSuite" finished-at="2026-06-06T10:37:48 IST" duration-ms="46967">
    <groups>
    </groups>
    <test started-at="2026-06-06T10:37:01 IST" name="AutomationExerciseTests" finished-at="2026-06-06T10:37:48 IST" duration-ms="46967">
      <class name="testcases.ContactUsTest">
        <test-method is-config="true" signature="setup()[pri:0, instance:testcases.ContactUsTest@44a59da3]" started-at="2026-06-06T10:37:40 IST" name="setup" finished-at="2026-06-06T10:37:44 IST" duration-ms="4548" status="PASS">
          <reporter-output>
          </reporter-output>
        </test-method> <!-- setup -->
        <test-method signature="contactUsTest()[pri:0, instance:testcases.ContactUsTest@44a59da3]" started-at="2026-06-06T10:37:44 IST" name="contactUsTest" finished-at="2026-06-06T10:37:47 IST" duration-ms="2799" status="PASS">
          <reporter-output>
          </reporter-output>
        </test-method> <!-- contactUsTest -->
        <test-method is-config="true" signature="tearDown()[pri:0, instance:testcases.ContactUsTest@44a59da3]" started-at="2026-06-06T10:37:47 IST" name="tearDown" finished-at="2026-06-06T10:37:48 IST" duration-ms="348" status="PASS">
          <reporter-output>
          </reporter-output>
        </test-method> <!-- tearDown -->
      </class> <!-- testcases.ContactUsTest -->
      <class name="testcases.SignupTest">
        <test-method is-config="true" signature="setup()[pri:0, instance:testcases.SignupTest@29a5f4e7]" started-at="2026-06-06T10:37:09 IST" name="setup" finished-at="2026-06-06T10:37:11 IST" duration-ms="1493" status="PASS">
          <reporter-output>
          </reporter-output>
        </test-method> <!-- setup -->
        <test-method signature="registerUserTest()[pri:0, instance:testcases.SignupTest@29a5f4e7]" started-at="2026-06-06T10:37:11 IST" name="registerUserTest" finished-at="2026-06-06T10:37:16 IST" duration-ms="5677" status="PASS">
          <reporter-output>
          </reporter-output>
        </test-method> <!-- registerUserTest -->
        <test-method is-config="true" signature="tearDown()[pri:0, instance:testcases.SignupTest@29a5f4e7]" started-at="2026-06-06T10:37:16 IST" name="tearDown" finished-at="2026-06-06T10:37:17 IST" duration-ms="415" status="PASS">
          <reporter-output>
          </reporter-output>
        </test-method> <!-- tearDown -->
      </class> <!-- testcases.SignupTest -->
      <class name="testcases.CartTest">
        <test-method is-config="true" signature="setup()[pri:0, instance:testcases.CartTest@2d9caaeb]" started-at="2026-06-06T10:37:25 IST" name="setup" finished-at="2026-06-06T10:37:30 IST" duration-ms="4610" status="PASS">
          <reporter-output>
          </reporter-output>
        </test-method> <!-- setup -->
        <test-method signature="addProductToCartTest()[pri:0, instance:testcases.CartTest@2d9caaeb]" started-at="2026-06-06T10:37:30 IST" name="addProductToCartTest" finished-at="2026-06-06T10:37:31 IST" duration-ms="1365" status="PASS">
          <reporter-output>
          </reporter-output>
        </test-method> <!-- addProductToCartTest -->
        <test-method is-config="true" signature="tearDown()[pri:0, instance:testcases.CartTest@2d9caaeb]" started-at="2026-06-06T10:37:31 IST" name="tearDown" finished-at="2026-06-06T10:37:31 IST" duration-ms="285" status="PASS">
          <reporter-output>
          </reporter-output>
        </test-method> <!-- tearDown -->
      </class> <!-- testcases.CartTest -->
      <class name="testcases.ProductsTest">
        <test-method is-config="true" signature="setup()[pri:0, instance:testcases.ProductsTest@79c97cb]" started-at="2026-06-06T10:37:17 IST" name="setup" finished-at="2026-06-06T10:37:20 IST" duration-ms="3513" status="PASS">
          <reporter-output>
          </reporter-output>
        </test-method> <!-- setup -->
        <test-method signature="searchProductTest()[pri:0, instance:testcases.ProductsTest@79c97cb]" started-at="2026-06-06T10:37:20 IST" name="searchProductTest" finished-at="2026-06-06T10:37:25 IST" duration-ms="4369" status="PASS">
          <reporter-output>
          </reporter-output>
        </test-method> <!-- searchProductTest -->
        <test-method is-config="true" signature="tearDown()[pri:0, instance:testcases.ProductsTest@79c97cb]" started-at="2026-06-06T10:37:25 IST" name="tearDown" finished-at="2026-06-06T10:37:25 IST" duration-ms="318" status="PASS">
          <reporter-output>
          </reporter-output>
        </test-method> <!-- tearDown -->
      </class> <!-- testcases.ProductsTest -->
      <class name="testcases.CheckoutTest">
        <test-method is-config="true" signature="setup()[pri:0, instance:testcases.CheckoutTest@42a15bdc]" started-at="2026-06-06T10:37:31 IST" name="setup" finished-at="2026-06-06T10:37:36 IST" duration-ms="4895" status="PASS">
          <reporter-output>
          </reporter-output>
        </test-method> <!-- setup -->
        <test-method signature="checkoutTest()[pri:0, instance:testcases.CheckoutTest@42a15bdc]" started-at="2026-06-06T10:37:36 IST" name="checkoutTest" finished-at="2026-06-06T10:37:40 IST" duration-ms="3259" status="PASS">
          <reporter-output>
          </reporter-output>
        </test-method> <!-- checkoutTest -->
        <test-method is-config="true" signature="tearDown()[pri:0, instance:testcases.CheckoutTest@42a15bdc]" started-at="2026-06-06T10:37:40 IST" name="tearDown" finished-at="2026-06-06T10:37:40 IST" duration-ms="349" status="PASS">
          <reporter-output>
          </reporter-output>
        </test-method> <!-- tearDown -->
      </class> <!-- testcases.CheckoutTest -->
      <class name="testcases.LoginTest">
        <test-method is-config="true" signature="setup()[pri:0, instance:testcases.LoginTest@295cf707]" started-at="2026-06-06T10:37:01 IST" name="setup" finished-at="2026-06-06T10:37:07 IST" duration-ms="6404" status="PASS">
          <reporter-output>
          </reporter-output>
        </test-method> <!-- setup -->
        <test-method signature="validLoginTest()[pri:0, instance:testcases.LoginTest@295cf707]" started-at="2026-06-06T10:37:07 IST" name="validLoginTest" finished-at="2026-06-06T10:37:09 IST" duration-ms="1760" status="PASS">
          <reporter-output>
          </reporter-output>
        </test-method> <!-- validLoginTest -->
        <test-method is-config="true" signature="tearDown()[pri:0, instance:testcases.LoginTest@295cf707]" started-at="2026-06-06T10:37:09 IST" name="tearDown" finished-at="2026-06-06T10:37:09 IST" duration-ms="433" status="PASS">
          <reporter-output>
          </reporter-output>
        </test-method> <!-- tearDown -->
      </class> <!-- testcases.LoginTest -->
    </test> <!-- AutomationExerciseTests -->
  </suite> <!-- AutomationExerciseSuite -->
</testng-results>
